[2022-11-12 10:13:35] merlin-logger.ERROR: The file was not able to save to disk, while trying to download it {"url":"https://raw.githubusercontent.com/olive-blocks/demo-content/main/themes/gokyo-fse/plugin-settings.json","filename":"gokyo-fse-plugin-settings.json"} []
[2022-11-12 10:13:35] merlin-logger.INFO: Imported "Consulting" (category) [] []
[2022-11-12 10:13:35] merlin-logger.DEBUG: Term 8 remapped to 11 [] []
[2022-11-12 10:13:35] merlin-logger.INFO: Imported "Creative" (category) [] []
[2022-11-12 10:13:35] merlin-logger.DEBUG: Term 1 remapped to 12 [] []
[2022-11-12 10:13:35] merlin-logger.INFO: Imported "Development" (category) [] []
[2022-11-12 10:13:35] merlin-logger.DEBUG: Term 9 remapped to 13 [] []
[2022-11-12 10:13:35] merlin-logger.INFO: Imported "Digital Marketing" (category) [] []
[2022-11-12 10:13:35] merlin-logger.DEBUG: Term 10 remapped to 14 [] []
[2022-11-12 10:13:35] merlin-logger.INFO: Imported "Finance" (category) [] []
[2022-11-12 10:13:35] merlin-logger.DEBUG: Term 11 remapped to 15 [] []
[2022-11-12 10:13:35] merlin-logger.INFO: Imported "Illustration" (category) [] []
[2022-11-12 10:13:35] merlin-logger.DEBUG: Term 12 remapped to 16 [] []
[2022-11-12 10:13:35] merlin-logger.INFO: Imported "IT Technology" (category) [] []
[2022-11-12 10:13:35] merlin-logger.DEBUG: Term 13 remapped to 17 [] []
[2022-11-12 10:13:35] merlin-logger.INFO: Imported "Management" (category) [] []
[2022-11-12 10:13:35] merlin-logger.DEBUG: Term 6 remapped to 18 [] []
[2022-11-12 10:13:35] merlin-logger.INFO: Imported "Strategy" (category) [] []
[2022-11-12 10:13:35] merlin-logger.DEBUG: Term 14 remapped to 19 [] []
[2022-11-12 10:13:35] merlin-logger.INFO: Imported "Agency" (post_tag) [] []
[2022-11-12 10:13:35] merlin-logger.DEBUG: Term 16 remapped to 20 [] []
[2022-11-12 10:13:35] merlin-logger.INFO: Imported "Blocks Theme" (post_tag) [] []
[2022-11-12 10:13:35] merlin-logger.DEBUG: Term 19 remapped to 21 [] []
[2022-11-12 10:13:35] merlin-logger.INFO: Imported "Corporate" (post_tag) [] []
[2022-11-12 10:13:35] merlin-logger.DEBUG: Term 15 remapped to 22 [] []
[2022-11-12 10:13:35] merlin-logger.INFO: Imported "FSE Theme" (post_tag) [] []
[2022-11-12 10:13:35] merlin-logger.DEBUG: Term 17 remapped to 23 [] []
[2022-11-12 10:13:35] merlin-logger.INFO: Imported "OliveThemes" (post_tag) [] []
[2022-11-12 10:13:35] merlin-logger.DEBUG: Term 18 remapped to 24 [] []
[2022-11-12 10:13:35] merlin-logger.INFO: Imported "arc" (wp_theme) [] []
[2022-11-12 10:13:35] merlin-logger.DEBUG: Term 2 remapped to 25 [] []
[2022-11-12 10:13:35] merlin-logger.INFO: Imported "arc-fse" (wp_theme) [] []
[2022-11-12 10:13:35] merlin-logger.DEBUG: Term 20 remapped to 26 [] []
[2022-11-12 10:13:35] merlin-logger.INFO: Imported "Primary Menu" (nav_menu) [] []
[2022-11-12 10:13:35] merlin-logger.DEBUG: Term 4 remapped to 27 [] []
[2022-11-12 10:13:35] merlin-logger.INFO: Imported "uncategorized" (wp_template_part_area) [] []
[2022-11-12 10:13:35] merlin-logger.DEBUG: Term 7 remapped to 28 [] []
[2022-11-12 10:13:36] merlin-logger.INFO: Imported "logo" (Đa phương tiện) [] []
[2022-11-12 10:13:36] merlin-logger.DEBUG: Post 11 remapped to 71 [] []
[2022-11-12 10:13:38] merlin-logger.INFO: Imported "slider" (Đa phương tiện) [] []
[2022-11-12 10:13:38] merlin-logger.DEBUG: Post 13 remapped to 13 [] []
[2022-11-12 10:13:38] merlin-logger.INFO: Imported "icon-1" (Đa phương tiện) [] []
[2022-11-12 10:13:38] merlin-logger.DEBUG: Post 67 remapped to 72 [] []
[2022-11-12 10:13:39] merlin-logger.INFO: Imported "icon-dark-2" (Đa phương tiện) [] []
[2022-11-12 10:13:39] merlin-logger.DEBUG: Post 68 remapped to 73 [] []
[2022-11-12 10:13:39] merlin-logger.INFO: Imported "icon-3" (Đa phương tiện) [] []
[2022-11-12 10:13:39] merlin-logger.DEBUG: Post 69 remapped to 74 [] []
[2022-11-12 10:13:41] merlin-logger.INFO: Imported "hero-img" (Đa phương tiện) [] []
[2022-11-12 10:13:41] merlin-logger.DEBUG: Post 71 remapped to 75 [] []
[2022-11-12 10:13:42] merlin-logger.INFO: Imported "case-1" (Đa phương tiện) [] []
[2022-11-12 10:13:42] merlin-logger.DEBUG: Post 76 remapped to 76 [] []
[2022-11-12 10:13:43] merlin-logger.INFO: Imported "case-2" (Đa phương tiện) [] []
[2022-11-12 10:13:43] merlin-logger.DEBUG: Post 77 remapped to 77 [] []
[2022-11-12 10:13:45] merlin-logger.INFO: Imported "case-3" (Đa phương tiện) [] []
[2022-11-12 10:13:45] merlin-logger.DEBUG: Post 78 remapped to 78 [] []
[2022-11-12 10:13:46] merlin-logger.INFO: Imported "case-4" (Đa phương tiện) [] []
[2022-11-12 10:13:46] merlin-logger.DEBUG: Post 79 remapped to 79 [] []
[2022-11-12 10:13:48] merlin-logger.INFO: Imported "case-5" (Đa phương tiện) [] []
[2022-11-12 10:13:48] merlin-logger.DEBUG: Post 80 remapped to 80 [] []
[2022-11-12 10:13:50] merlin-logger.INFO: Imported "case-6" (Đa phương tiện) [] []
[2022-11-12 10:13:50] merlin-logger.DEBUG: Post 81 remapped to 81 [] []
[2022-11-12 10:13:51] merlin-logger.INFO: Imported "tab-img-1" (Đa phương tiện) [] []
[2022-11-12 10:13:51] merlin-logger.DEBUG: Post 87 remapped to 87 [] []
[2022-11-12 10:13:52] merlin-logger.INFO: Imported "team-1" (Đa phương tiện) [] []
[2022-11-12 10:13:52] merlin-logger.DEBUG: Post 91 remapped to 91 [] []
[2022-11-12 10:13:53] merlin-logger.INFO: Imported "team-2" (Đa phương tiện) [] []
[2022-11-12 10:13:53] merlin-logger.DEBUG: Post 92 remapped to 92 [] []
[2022-11-12 10:13:55] merlin-logger.INFO: Imported "team-3" (Đa phương tiện) [] []
[2022-11-12 10:13:55] merlin-logger.DEBUG: Post 93 remapped to 93 [] []
[2022-11-12 10:13:56] merlin-logger.INFO: Imported "team-3-1" (Đa phương tiện) [] []
[2022-11-12 10:13:56] merlin-logger.DEBUG: Post 94 remapped to 94 [] []
[2022-11-12 10:13:56] merlin-logger.INFO: New AJAX call! [] []
[2022-11-12 10:13:57] merlin-logger.ERROR: The file was not able to save to disk, while trying to download it {"url":"https://raw.githubusercontent.com/olive-blocks/demo-content/main/themes/gokyo-fse/plugin-settings.json","filename":"gokyo-fse-plugin-settings.json"} []
[2022-11-12 10:13:59] merlin-logger.INFO: Imported "homepage-dark" (Đa phương tiện) [] []
[2022-11-12 10:13:59] merlin-logger.DEBUG: Post 98 remapped to 98 [] []
[2022-11-12 10:14:03] merlin-logger.INFO: Imported "video-bg" (Đa phương tiện) [] []
[2022-11-12 10:14:03] merlin-logger.DEBUG: Post 103 remapped to 103 [] []
[2022-11-12 10:14:04] merlin-logger.INFO: Imported "video-icon" (Đa phương tiện) [] []
[2022-11-12 10:14:04] merlin-logger.DEBUG: Post 104 remapped to 104 [] []
[2022-11-12 10:14:04] merlin-logger.INFO: Imported "Investment Planning and Strategy" (Bài viết) [] []
[2022-11-12 10:14:04] merlin-logger.DEBUG: Post 1 remapped to 105 [] []
[2022-11-12 10:14:04] merlin-logger.INFO: Imported "Custom Styles" (Style chung) [] []
[2022-11-12 10:14:04] merlin-logger.DEBUG: Post 4 remapped to 106 [] []
[2022-11-12 10:14:04] merlin-logger.INFO: Imported "Home" (Trang) [] []
[2022-11-12 10:14:04] merlin-logger.DEBUG: Post 32 remapped to 107 [] []
[2022-11-12 10:14:04] merlin-logger.INFO: Imported "About Us" (Trang) [] []
[2022-11-12 10:14:04] merlin-logger.DEBUG: Post 41 remapped to 108 [] []
[2022-11-12 10:14:05] merlin-logger.INFO: Imported "Contact Us" (Trang) [] []
[2022-11-12 10:14:05] merlin-logger.DEBUG: Post 42 remapped to 109 [] []
[2022-11-12 10:14:05] merlin-logger.INFO: Imported "Services" (Trang) [] []
[2022-11-12 10:14:05] merlin-logger.DEBUG: Post 43 remapped to 110 [] []
[2022-11-12 10:14:05] merlin-logger.INFO: Imported "Blog" (Trang) [] []
[2022-11-12 10:14:05] merlin-logger.DEBUG: Post 48 remapped to 111 [] []
[2022-11-12 10:14:05] merlin-logger.INFO: Imported "Header navigation" (Menu) [] []
[2022-11-12 10:14:05] merlin-logger.DEBUG: Post 50 remapped to 112 [] []
[2022-11-12 10:14:05] merlin-logger.INFO: Imported "Home" (Chỉ Mục Thực Đơn Điều Hướng) [] []
[2022-11-12 10:14:05] merlin-logger.DEBUG: Post 51 remapped to 113 [] []
[2022-11-12 10:14:05] merlin-logger.DEBUG: Processing menu item custom [] []
[2022-11-12 10:14:05] merlin-logger.DEBUG: Menu item 51 mapped to 113 [] []
[2022-11-12 10:14:05] merlin-logger.INFO: Imported "" (Chỉ Mục Thực Đơn Điều Hướng) [] []
[2022-11-12 10:14:05] merlin-logger.DEBUG: Post 52 remapped to 114 [] []
[2022-11-12 10:14:05] merlin-logger.DEBUG: Processing menu item post_type [] []
[2022-11-12 10:14:05] merlin-logger.DEBUG: Menu item 41 mapped to 108 [] []
[2022-11-12 10:14:05] merlin-logger.INFO: Imported "" (Chỉ Mục Thực Đơn Điều Hướng) [] []
[2022-11-12 10:14:05] merlin-logger.DEBUG: Post 53 remapped to 115 [] []
[2022-11-12 10:14:05] merlin-logger.DEBUG: Processing menu item post_type [] []
[2022-11-12 10:14:05] merlin-logger.DEBUG: Menu item 42 mapped to 109 [] []
[2022-11-12 10:14:05] merlin-logger.INFO: Imported "" (Chỉ Mục Thực Đơn Điều Hướng) [] []
[2022-11-12 10:14:05] merlin-logger.DEBUG: Post 55 remapped to 116 [] []
[2022-11-12 10:14:05] merlin-logger.DEBUG: Processing menu item post_type [] []
[2022-11-12 10:14:05] merlin-logger.DEBUG: Menu item 48 mapped to 111 [] []
[2022-11-12 10:14:05] merlin-logger.INFO: Imported "" (Chỉ Mục Thực Đơn Điều Hướng) [] []
[2022-11-12 10:14:05] merlin-logger.DEBUG: Post 57 remapped to 117 [] []
[2022-11-12 10:14:05] merlin-logger.DEBUG: Processing menu item post_type [] []
[2022-11-12 10:14:05] merlin-logger.DEBUG: Menu item 43 mapped to 110 [] []
[2022-11-12 10:14:05] merlin-logger.INFO: Imported "International Business Opportunities" (Bài viết) [] []
[2022-11-12 10:14:05] merlin-logger.DEBUG: Post 125 remapped to 125 [] []
[2022-11-12 10:14:05] merlin-logger.INFO: Imported "Strategic and Commercial Approach" (Bài viết) [] []
[2022-11-12 10:14:05] merlin-logger.DEBUG: Post 126 remapped to 126 [] []
[2022-11-12 10:14:07] merlin-logger.INFO: Imported "cover-banner" (Đa phương tiện) [] []
[2022-11-12 10:14:07] merlin-logger.DEBUG: Post 143 remapped to 143 [] []
[2022-11-12 10:14:07] merlin-logger.INFO: Imported "Custom Styles" (Style chung) [] []
[2022-11-12 10:14:07] merlin-logger.DEBUG: Post 171 remapped to 171 [] []
[2022-11-12 10:14:09] merlin-logger.INFO: Imported "post-2 (1)" (Đa phương tiện) [] []
[2022-11-12 10:14:09] merlin-logger.DEBUG: Post 188 remapped to 188 [] []
[2022-11-12 10:14:09] merlin-logger.INFO: Imported "Custom Styles" (Style chung) [] []
[2022-11-12 10:14:09] merlin-logger.DEBUG: Post 194 remapped to 194 [] []
[2022-11-12 10:14:10] merlin-logger.INFO: Imported "iocn-4" (Đa phương tiện) [] []
[2022-11-12 10:14:10] merlin-logger.DEBUG: Post 195 remapped to 195 [] []
[2022-11-12 10:14:10] merlin-logger.INFO: Imported "Primary Menu" (Menu) [] []
[2022-11-12 10:14:10] merlin-logger.DEBUG: Post 58 remapped to 196 [] []
[2022-11-12 10:14:10] merlin-logger.INFO: Imported "Header" (Template Part) [] []
[2022-11-12 10:14:10] merlin-logger.DEBUG: Post 168 remapped to 168 [] []
[2022-11-12 10:14:10] merlin-logger.INFO: Imported "Header" (Template Part) [] []
[2022-11-12 10:14:10] merlin-logger.DEBUG: Post 172 remapped to 172 [] []
[2022-11-12 10:14:10] merlin-logger.INFO: Imported "Primary Menu" (Menu) [] []
[2022-11-12 10:14:10] merlin-logger.DEBUG: Post 174 remapped to 174 [] []
[2022-11-12 10:14:10] merlin-logger.WARNING: Failed to import "Contact Form": Invalid post type wpcf7_contact_form [] []
[2022-11-12 10:14:10] merlin-logger.INFO: Imported "Primary Menu" (Menu) [] []
[2022-11-12 10:14:10] merlin-logger.DEBUG: Post 192 remapped to 192 [] []
[2022-11-12 10:14:10] merlin-logger.INFO: Imported "Header navigation 2" (Menu) [] []
[2022-11-12 10:14:10] merlin-logger.DEBUG: Post 196 remapped to 197 [] []
[2022-11-12 10:14:10] merlin-logger.INFO: Imported "Primary Menu" (Menu) [] []
[2022-11-12 10:14:10] merlin-logger.DEBUG: Post 197 remapped to 198 [] []
[2022-11-12 10:14:10] merlin-logger.INFO: Imported "Header" (Template Part) [] []
[2022-11-12 10:14:10] merlin-logger.DEBUG: Post 199 remapped to 199 [] []
[2022-11-12 10:14:10] merlin-logger.INFO: Imported "Sidebar" (Template Part) [] []
[2022-11-12 10:14:10] merlin-logger.DEBUG: Post 208 remapped to 208 [] []
[2022-11-12 10:14:10] merlin-logger.INFO: Imported "Home" (Template) [] []
[2022-11-12 10:14:10] merlin-logger.DEBUG: Post 210 remapped to 210 [] []
[2022-11-12 10:14:10] merlin-logger.INFO: Imported "Archive" (Template) [] []
[2022-11-12 10:14:10] merlin-logger.DEBUG: Post 212 remapped to 212 [] []
[2022-11-12 10:14:10] merlin-logger.INFO: Imported "Single" (Template) [] []
[2022-11-12 10:14:10] merlin-logger.DEBUG: Post 213 remapped to 213 [] []
[2022-11-12 10:14:10] merlin-logger.INFO: Imported "404" (Template) [] []
[2022-11-12 10:14:10] merlin-logger.DEBUG: Post 214 remapped to 214 [] []
[2022-11-12 10:14:10] merlin-logger.INFO: Imported "Page (No Title / Feature Image)" (Template) [] []
[2022-11-12 10:14:10] merlin-logger.DEBUG: Post 215 remapped to 215 [] []
[2022-11-12 10:14:10] merlin-logger.INFO: Imported "Page" (Template) [] []
[2022-11-12 10:14:10] merlin-logger.DEBUG: Post 216 remapped to 216 [] []
[2022-11-12 10:14:10] merlin-logger.INFO: Imported "Footer" (Template Part) [] []
[2022-11-12 10:14:10] merlin-logger.DEBUG: Post 217 remapped to 217 [] []
[2022-11-12 10:14:10] merlin-logger.INFO: Imported "Search" (Template) [] []
[2022-11-12 10:14:10] merlin-logger.DEBUG: Post 218 remapped to 218 [] []
[2022-11-12 10:14:10] merlin-logger.DEBUG: Running post-processing for post 71 [] []
[2022-11-12 10:14:10] merlin-logger.WARNING: Could not find the author for "logo" (post #71) [] []
[2022-11-12 10:14:10] merlin-logger.DEBUG: Post 71 was imported with author "vitech", but could not be found [] []
[2022-11-12 10:14:10] merlin-logger.DEBUG: Post 71 was marked for post-processing, but none was required. [] []
[2022-11-12 10:14:10] merlin-logger.DEBUG: Running post-processing for post 13 [] []
[2022-11-12 10:14:10] merlin-logger.WARNING: Could not find the author for "slider" (post #13) [] []
[2022-11-12 10:14:10] merlin-logger.DEBUG: Post 13 was imported with author "vitech", but could not be found [] []
[2022-11-12 10:14:10] merlin-logger.DEBUG: Post 13 was marked for post-processing, but none was required. [] []
[2022-11-12 10:14:10] merlin-logger.DEBUG: Running post-processing for post 72 [] []
[2022-11-12 10:14:10] merlin-logger.WARNING: Could not find the author for "icon-1" (post #72) [] []
[2022-11-12 10:14:10] merlin-logger.DEBUG: Post 72 was imported with author "vitech", but could not be found [] []
[2022-11-12 10:14:10] merlin-logger.DEBUG: Post 72 was marked for post-processing, but none was required. [] []
[2022-11-12 10:14:10] merlin-logger.DEBUG: Running post-processing for post 73 [] []
[2022-11-12 10:14:10] merlin-logger.WARNING: Could not find the author for "icon-dark-2" (post #73) [] []
[2022-11-12 10:14:10] merlin-logger.DEBUG: Post 73 was imported with author "vitech", but could not be found [] []
[2022-11-12 10:14:10] merlin-logger.DEBUG: Post 73 was marked for post-processing, but none was required. [] []
[2022-11-12 10:14:10] merlin-logger.DEBUG: Running post-processing for post 74 [] []
[2022-11-12 10:14:10] merlin-logger.WARNING: Could not find the author for "icon-3" (post #74) [] []
[2022-11-12 10:14:10] merlin-logger.DEBUG: Post 74 was imported with author "vitech", but could not be found [] []
[2022-11-12 10:14:10] merlin-logger.DEBUG: Post 74 was marked for post-processing, but none was required. [] []
[2022-11-12 10:14:10] merlin-logger.DEBUG: Running post-processing for post 75 [] []
[2022-11-12 10:14:10] merlin-logger.WARNING: Could not find the author for "hero-img" (post #75) [] []
[2022-11-12 10:14:10] merlin-logger.DEBUG: Post 75 was imported with author "vitech", but could not be found [] []
[2022-11-12 10:14:10] merlin-logger.DEBUG: Post 75 was marked for post-processing, but none was required. [] []
[2022-11-12 10:14:10] merlin-logger.DEBUG: Running post-processing for post 76 [] []
[2022-11-12 10:14:10] merlin-logger.WARNING: Could not find the author for "case-1" (post #76) [] []
[2022-11-12 10:14:10] merlin-logger.DEBUG: Post 76 was imported with author "vitech", but could not be found [] []
[2022-11-12 10:14:10] merlin-logger.DEBUG: Post 76 was marked for post-processing, but none was required. [] []
[2022-11-12 10:14:10] merlin-logger.DEBUG: Running post-processing for post 77 [] []
[2022-11-12 10:14:10] merlin-logger.WARNING: Could not find the author for "case-2" (post #77) [] []
[2022-11-12 10:14:10] merlin-logger.DEBUG: Post 77 was imported with author "vitech", but could not be found [] []
[2022-11-12 10:14:10] merlin-logger.DEBUG: Post 77 was marked for post-processing, but none was required. [] []
[2022-11-12 10:14:10] merlin-logger.DEBUG: Running post-processing for post 78 [] []
[2022-11-12 10:14:10] merlin-logger.WARNING: Could not find the author for "case-3" (post #78) [] []
[2022-11-12 10:14:10] merlin-logger.DEBUG: Post 78 was imported with author "vitech", but could not be found [] []
[2022-11-12 10:14:10] merlin-logger.DEBUG: Post 78 was marked for post-processing, but none was required. [] []
[2022-11-12 10:14:10] merlin-logger.DEBUG: Running post-processing for post 79 [] []
[2022-11-12 10:14:10] merlin-logger.WARNING: Could not find the author for "case-4" (post #79) [] []
[2022-11-12 10:14:10] merlin-logger.DEBUG: Post 79 was imported with author "vitech", but could not be found [] []
[2022-11-12 10:14:10] merlin-logger.DEBUG: Post 79 was marked for post-processing, but none was required. [] []
[2022-11-12 10:14:10] merlin-logger.DEBUG: Running post-processing for post 80 [] []
[2022-11-12 10:14:10] merlin-logger.WARNING: Could not find the author for "case-5" (post #80) [] []
[2022-11-12 10:14:10] merlin-logger.DEBUG: Post 80 was imported with author "vitech", but could not be found [] []
[2022-11-12 10:14:10] merlin-logger.DEBUG: Post 80 was marked for post-processing, but none was required. [] []
[2022-11-12 10:14:10] merlin-logger.DEBUG: Running post-processing for post 81 [] []
[2022-11-12 10:14:10] merlin-logger.WARNING: Could not find the author for "case-6" (post #81) [] []
[2022-11-12 10:14:10] merlin-logger.DEBUG: Post 81 was imported with author "vitech", but could not be found [] []
[2022-11-12 10:14:10] merlin-logger.DEBUG: Post 81 was marked for post-processing, but none was required. [] []
[2022-11-12 10:14:10] merlin-logger.DEBUG: Running post-processing for post 87 [] []
[2022-11-12 10:14:10] merlin-logger.WARNING: Could not find the author for "tab-img-1" (post #87) [] []
[2022-11-12 10:14:10] merlin-logger.DEBUG: Post 87 was imported with author "vitech", but could not be found [] []
[2022-11-12 10:14:10] merlin-logger.DEBUG: Post 87 was marked for post-processing, but none was required. [] []
[2022-11-12 10:14:10] merlin-logger.DEBUG: Running post-processing for post 91 [] []
[2022-11-12 10:14:10] merlin-logger.WARNING: Could not find the author for "team-1" (post #91) [] []
[2022-11-12 10:14:10] merlin-logger.DEBUG: Post 91 was imported with author "vitech", but could not be found [] []
[2022-11-12 10:14:10] merlin-logger.DEBUG: Post 91 was marked for post-processing, but none was required. [] []
[2022-11-12 10:14:10] merlin-logger.DEBUG: Running post-processing for post 92 [] []
[2022-11-12 10:14:10] merlin-logger.WARNING: Could not find the author for "team-2" (post #92) [] []
[2022-11-12 10:14:10] merlin-logger.DEBUG: Post 92 was imported with author "vitech", but could not be found [] []
[2022-11-12 10:14:10] merlin-logger.DEBUG: Post 92 was marked for post-processing, but none was required. [] []
[2022-11-12 10:14:10] merlin-logger.DEBUG: Running post-processing for post 93 [] []
[2022-11-12 10:14:10] merlin-logger.WARNING: Could not find the author for "team-3" (post #93) [] []
[2022-11-12 10:14:10] merlin-logger.DEBUG: Post 93 was imported with author "vitech", but could not be found [] []
[2022-11-12 10:14:10] merlin-logger.DEBUG: Post 93 was marked for post-processing, but none was required. [] []
[2022-11-12 10:14:10] merlin-logger.DEBUG: Running post-processing for post 94 [] []
[2022-11-12 10:14:10] merlin-logger.WARNING: Could not find the author for "team-3-1" (post #94) [] []
[2022-11-12 10:14:10] merlin-logger.DEBUG: Post 94 was imported with author "vitech", but could not be found [] []
[2022-11-12 10:14:10] merlin-logger.DEBUG: Post 94 was marked for post-processing, but none was required. [] []
[2022-11-12 10:14:10] merlin-logger.DEBUG: Running post-processing for post 98 [] []
[2022-11-12 10:14:10] merlin-logger.WARNING: Could not find the author for "homepage-dark" (post #98) [] []
[2022-11-12 10:14:10] merlin-logger.DEBUG: Post 98 was imported with author "vitech", but could not be found [] []
[2022-11-12 10:14:10] merlin-logger.DEBUG: Post 98 was marked for post-processing, but none was required. [] []
[2022-11-12 10:14:10] merlin-logger.DEBUG: Running post-processing for post 103 [] []
[2022-11-12 10:14:10] merlin-logger.WARNING: Could not find the author for "video-bg" (post #103) [] []
[2022-11-12 10:14:10] merlin-logger.DEBUG: Post 103 was imported with author "vitech", but could not be found [] []
[2022-11-12 10:14:10] merlin-logger.DEBUG: Post 103 was marked for post-processing, but none was required. [] []
[2022-11-12 10:14:10] merlin-logger.DEBUG: Running post-processing for post 104 [] []
[2022-11-12 10:14:10] merlin-logger.WARNING: Could not find the author for "video-icon" (post #104) [] []
[2022-11-12 10:14:10] merlin-logger.DEBUG: Post 104 was imported with author "vitech", but could not be found [] []
[2022-11-12 10:14:10] merlin-logger.DEBUG: Post 104 was marked for post-processing, but none was required. [] []
[2022-11-12 10:14:10] merlin-logger.DEBUG: Running post-processing for post 105 [] []
[2022-11-12 10:14:10] merlin-logger.WARNING: Could not find the author for "Investment Planning and Strategy" (post #105) [] []
[2022-11-12 10:14:10] merlin-logger.DEBUG: Post 105 was imported with author "vitech", but could not be found [] []
[2022-11-12 10:14:10] merlin-logger.DEBUG: Post 105 was marked for post-processing, but none was required. [] []
[2022-11-12 10:14:10] merlin-logger.DEBUG: Running post-processing for post 106 [] []
[2022-11-12 10:14:10] merlin-logger.WARNING: Could not find the author for "Custom Styles" (post #106) [] []
[2022-11-12 10:14:10] merlin-logger.DEBUG: Post 106 was imported with author "vitech", but could not be found [] []
[2022-11-12 10:14:10] merlin-logger.DEBUG: Post 106 was marked for post-processing, but none was required. [] []
[2022-11-12 10:14:10] merlin-logger.DEBUG: Running post-processing for post 107 [] []
[2022-11-12 10:14:10] merlin-logger.WARNING: Could not find the author for "Home" (post #107) [] []
[2022-11-12 10:14:10] merlin-logger.DEBUG: Post 107 was imported with author "vitech", but could not be found [] []
[2022-11-12 10:14:10] merlin-logger.DEBUG: Post 107 was marked for post-processing, but none was required. [] []
[2022-11-12 10:14:10] merlin-logger.DEBUG: Running post-processing for post 108 [] []
[2022-11-12 10:14:10] merlin-logger.WARNING: Could not find the author for "About Us" (post #108) [] []
[2022-11-12 10:14:10] merlin-logger.DEBUG: Post 108 was imported with author "vitech", but could not be found [] []
[2022-11-12 10:14:10] merlin-logger.DEBUG: Post 108 was marked for post-processing, but none was required. [] []
[2022-11-12 10:14:10] merlin-logger.DEBUG: Running post-processing for post 109 [] []
[2022-11-12 10:14:10] merlin-logger.WARNING: Could not find the author for "Contact Us" (post #109) [] []
[2022-11-12 10:14:10] merlin-logger.DEBUG: Post 109 was imported with author "vitech", but could not be found [] []
[2022-11-12 10:14:10] merlin-logger.DEBUG: Post 109 was marked for post-processing, but none was required. [] []
[2022-11-12 10:14:10] merlin-logger.DEBUG: Running post-processing for post 110 [] []
[2022-11-12 10:14:10] merlin-logger.WARNING: Could not find the author for "Services" (post #110) [] []
[2022-11-12 10:14:10] merlin-logger.DEBUG: Post 110 was imported with author "vitech", but could not be found [] []
[2022-11-12 10:14:10] merlin-logger.DEBUG: Post 110 was marked for post-processing, but none was required. [] []
[2022-11-12 10:14:10] merlin-logger.DEBUG: Running post-processing for post 111 [] []
[2022-11-12 10:14:10] merlin-logger.WARNING: Could not find the author for "Blog" (post #111) [] []
[2022-11-12 10:14:10] merlin-logger.DEBUG: Post 111 was imported with author "vitech", but could not be found [] []
[2022-11-12 10:14:10] merlin-logger.DEBUG: Post 111 was marked for post-processing, but none was required. [] []
[2022-11-12 10:14:10] merlin-logger.DEBUG: Running post-processing for post 112 [] []
[2022-11-12 10:14:10] merlin-logger.WARNING: Could not find the author for "Header navigation" (post #112) [] []
[2022-11-12 10:14:10] merlin-logger.DEBUG: Post 112 was imported with author "vitech", but could not be found [] []
[2022-11-12 10:14:10] merlin-logger.DEBUG: Post 112 was marked for post-processing, but none was required. [] []
[2022-11-12 10:14:10] merlin-logger.DEBUG: Running post-processing for post 113 [] []
[2022-11-12 10:14:10] merlin-logger.WARNING: Could not find the author for "Home" (post #113) [] []
[2022-11-12 10:14:10] merlin-logger.DEBUG: Post 113 was imported with author "vitech", but could not be found [] []
[2022-11-12 10:14:10] merlin-logger.DEBUG: Post 113 was marked for post-processing, but none was required. [] []
[2022-11-12 10:14:10] merlin-logger.DEBUG: Running post-processing for post 114 [] []
[2022-11-12 10:14:10] merlin-logger.WARNING: Could not find the author for "" (post #114) [] []
[2022-11-12 10:14:10] merlin-logger.DEBUG: Post 114 was imported with author "vitech", but could not be found [] []
[2022-11-12 10:14:10] merlin-logger.DEBUG: Post 114 was marked for post-processing, but none was required. [] []
[2022-11-12 10:14:10] merlin-logger.DEBUG: Running post-processing for post 115 [] []
[2022-11-12 10:14:10] merlin-logger.WARNING: Could not find the author for "" (post #115) [] []
[2022-11-12 10:14:10] merlin-logger.DEBUG: Post 115 was imported with author "vitech", but could not be found [] []
[2022-11-12 10:14:10] merlin-logger.DEBUG: Post 115 was marked for post-processing, but none was required. [] []
[2022-11-12 10:14:10] merlin-logger.DEBUG: Running post-processing for post 116 [] []
[2022-11-12 10:14:10] merlin-logger.WARNING: Could not find the author for "" (post #116) [] []
[2022-11-12 10:14:10] merlin-logger.DEBUG: Post 116 was imported with author "vitech", but could not be found [] []
[2022-11-12 10:14:10] merlin-logger.DEBUG: Post 116 was marked for post-processing, but none was required. [] []
[2022-11-12 10:14:10] merlin-logger.DEBUG: Running post-processing for post 117 [] []
[2022-11-12 10:14:10] merlin-logger.WARNING: Could not find the author for "" (post #117) [] []
[2022-11-12 10:14:10] merlin-logger.DEBUG: Post 117 was imported with author "vitech", but could not be found [] []
[2022-11-12 10:14:10] merlin-logger.DEBUG: Post 117 was marked for post-processing, but none was required. [] []
[2022-11-12 10:14:10] merlin-logger.DEBUG: Running post-processing for post 125 [] []
[2022-11-12 10:14:10] merlin-logger.WARNING: Could not find the author for "International Business Opportunities" (post #125) [] []
[2022-11-12 10:14:10] merlin-logger.DEBUG: Post 125 was imported with author "vitech", but could not be found [] []
[2022-11-12 10:14:10] merlin-logger.DEBUG: Post 125 was marked for post-processing, but none was required. [] []
[2022-11-12 10:14:10] merlin-logger.DEBUG: Running post-processing for post 126 [] []
[2022-11-12 10:14:10] merlin-logger.WARNING: Could not find the author for "Strategic and Commercial Approach" (post #126) [] []
[2022-11-12 10:14:10] merlin-logger.DEBUG: Post 126 was imported with author "vitech", but could not be found [] []
[2022-11-12 10:14:10] merlin-logger.DEBUG: Post 126 was marked for post-processing, but none was required. [] []
[2022-11-12 10:14:10] merlin-logger.DEBUG: Running post-processing for post 143 [] []
[2022-11-12 10:14:10] merlin-logger.WARNING: Could not find the author for "cover-banner" (post #143) [] []
[2022-11-12 10:14:10] merlin-logger.DEBUG: Post 143 was imported with author "vitech", but could not be found [] []
[2022-11-12 10:14:10] merlin-logger.DEBUG: Post 143 was marked for post-processing, but none was required. [] []
[2022-11-12 10:14:10] merlin-logger.DEBUG: Running post-processing for post 171 [] []
[2022-11-12 10:14:10] merlin-logger.WARNING: Could not find the author for "Custom Styles" (post #171) [] []
[2022-11-12 10:14:10] merlin-logger.DEBUG: Post 171 was imported with author "vitech", but could not be found [] []
[2022-11-12 10:14:10] merlin-logger.DEBUG: Post 171 was marked for post-processing, but none was required. [] []
[2022-11-12 10:14:10] merlin-logger.DEBUG: Running post-processing for post 188 [] []
[2022-11-12 10:14:10] merlin-logger.WARNING: Could not find the author for "post-2 (1)" (post #188) [] []
[2022-11-12 10:14:10] merlin-logger.DEBUG: Post 188 was imported with author "vitech", but could not be found [] []
[2022-11-12 10:14:10] merlin-logger.DEBUG: Post 188 was marked for post-processing, but none was required. [] []
[2022-11-12 10:14:10] merlin-logger.DEBUG: Running post-processing for post 194 [] []
[2022-11-12 10:14:10] merlin-logger.WARNING: Could not find the author for "Custom Styles" (post #194) [] []
[2022-11-12 10:14:10] merlin-logger.DEBUG: Post 194 was imported with author "vitech", but could not be found [] []
[2022-11-12 10:14:10] merlin-logger.DEBUG: Post 194 was marked for post-processing, but none was required. [] []
[2022-11-12 10:14:10] merlin-logger.DEBUG: Running post-processing for post 195 [] []
[2022-11-12 10:14:10] merlin-logger.WARNING: Could not find the author for "iocn-4" (post #195) [] []
[2022-11-12 10:14:10] merlin-logger.DEBUG: Post 195 was imported with author "vitech", but could not be found [] []
[2022-11-12 10:14:10] merlin-logger.DEBUG: Post 195 was marked for post-processing, but none was required. [] []
[2022-11-12 10:14:10] merlin-logger.DEBUG: Running post-processing for post 196 [] []
[2022-11-12 10:14:10] merlin-logger.WARNING: Could not find the author for "Primary Menu" (post #196) [] []
[2022-11-12 10:14:10] merlin-logger.DEBUG: Post 196 was imported with author "vitech", but could not be found [] []
[2022-11-12 10:14:10] merlin-logger.DEBUG: Post 196 was marked for post-processing, but none was required. [] []
[2022-11-12 10:14:10] merlin-logger.DEBUG: Running post-processing for post 168 [] []
[2022-11-12 10:14:10] merlin-logger.WARNING: Could not find the author for "Header" (post #168) [] []
[2022-11-12 10:14:10] merlin-logger.DEBUG: Post 168 was imported with author "vitech", but could not be found [] []
[2022-11-12 10:14:10] merlin-logger.DEBUG: Post 168 was marked for post-processing, but none was required. [] []
[2022-11-12 10:14:10] merlin-logger.DEBUG: Running post-processing for post 172 [] []
[2022-11-12 10:14:10] merlin-logger.WARNING: Could not find the author for "Header" (post #172) [] []
[2022-11-12 10:14:10] merlin-logger.DEBUG: Post 172 was imported with author "vitech", but could not be found [] []
[2022-11-12 10:14:10] merlin-logger.DEBUG: Post 172 was marked for post-processing, but none was required. [] []
[2022-11-12 10:14:10] merlin-logger.DEBUG: Running post-processing for post 174 [] []
[2022-11-12 10:14:10] merlin-logger.WARNING: Could not find the author for "Primary Menu" (post #174) [] []
[2022-11-12 10:14:10] merlin-logger.DEBUG: Post 174 was imported with author "vitech", but could not be found [] []
[2022-11-12 10:14:10] merlin-logger.DEBUG: Post 174 was marked for post-processing, but none was required. [] []
[2022-11-12 10:14:10] merlin-logger.DEBUG: Running post-processing for post 192 [] []
[2022-11-12 10:14:10] merlin-logger.WARNING: Could not find the author for "Primary Menu" (post #192) [] []
[2022-11-12 10:14:10] merlin-logger.DEBUG: Post 192 was imported with author "vitech", but could not be found [] []
[2022-11-12 10:14:10] merlin-logger.DEBUG: Post 192 was marked for post-processing, but none was required. [] []
[2022-11-12 10:14:10] merlin-logger.DEBUG: Running post-processing for post 197 [] []
[2022-11-12 10:14:10] merlin-logger.WARNING: Could not find the author for "Header navigation 2" (post #197) [] []
[2022-11-12 10:14:10] merlin-logger.DEBUG: Post 197 was imported with author "vitech", but could not be found [] []
[2022-11-12 10:14:10] merlin-logger.DEBUG: Post 197 was marked for post-processing, but none was required. [] []
[2022-11-12 10:14:10] merlin-logger.DEBUG: Running post-processing for post 198 [] []
[2022-11-12 10:14:10] merlin-logger.WARNING: Could not find the author for "Primary Menu" (post #198) [] []
[2022-11-12 10:14:10] merlin-logger.DEBUG: Post 198 was imported with author "vitech", but could not be found [] []
[2022-11-12 10:14:10] merlin-logger.DEBUG: Post 198 was marked for post-processing, but none was required. [] []
[2022-11-12 10:14:10] merlin-logger.DEBUG: Running post-processing for post 199 [] []
[2022-11-12 10:14:10] merlin-logger.WARNING: Could not find the author for "Header" (post #199) [] []
[2022-11-12 10:14:10] merlin-logger.DEBUG: Post 199 was imported with author "vitech", but could not be found [] []
[2022-11-12 10:14:10] merlin-logger.DEBUG: Post 199 was marked for post-processing, but none was required. [] []
[2022-11-12 10:14:10] merlin-logger.DEBUG: Running post-processing for post 208 [] []
[2022-11-12 10:14:10] merlin-logger.WARNING: Could not find the author for "Sidebar" (post #208) [] []
[2022-11-12 10:14:10] merlin-logger.DEBUG: Post 208 was imported with author "vitech", but could not be found [] []
[2022-11-12 10:14:10] merlin-logger.DEBUG: Post 208 was marked for post-processing, but none was required. [] []
[2022-11-12 10:14:10] merlin-logger.DEBUG: Running post-processing for post 210 [] []
[2022-11-12 10:14:10] merlin-logger.WARNING: Could not find the author for "Home" (post #210) [] []
[2022-11-12 10:14:10] merlin-logger.DEBUG: Post 210 was imported with author "vitech", but could not be found [] []
[2022-11-12 10:14:10] merlin-logger.DEBUG: Post 210 was marked for post-processing, but none was required. [] []
[2022-11-12 10:14:10] merlin-logger.DEBUG: Running post-processing for post 212 [] []
[2022-11-12 10:14:10] merlin-logger.WARNING: Could not find the author for "Archive" (post #212) [] []
[2022-11-12 10:14:10] merlin-logger.DEBUG: Post 212 was imported with author "vitech", but could not be found [] []
[2022-11-12 10:14:10] merlin-logger.DEBUG: Post 212 was marked for post-processing, but none was required. [] []
[2022-11-12 10:14:10] merlin-logger.DEBUG: Running post-processing for post 213 [] []
[2022-11-12 10:14:10] merlin-logger.WARNING: Could not find the author for "Single" (post #213) [] []
[2022-11-12 10:14:10] merlin-logger.DEBUG: Post 213 was imported with author "vitech", but could not be found [] []
[2022-11-12 10:14:10] merlin-logger.DEBUG: Post 213 was marked for post-processing, but none was required. [] []
[2022-11-12 10:14:10] merlin-logger.DEBUG: Running post-processing for post 214 [] []
[2022-11-12 10:14:10] merlin-logger.WARNING: Could not find the author for "404" (post #214) [] []
[2022-11-12 10:14:10] merlin-logger.DEBUG: Post 214 was imported with author "vitech", but could not be found [] []
[2022-11-12 10:14:10] merlin-logger.DEBUG: Post 214 was marked for post-processing, but none was required. [] []
[2022-11-12 10:14:10] merlin-logger.DEBUG: Running post-processing for post 215 [] []
[2022-11-12 10:14:10] merlin-logger.WARNING: Could not find the author for "Page (No Title / Feature Image)" (post #215) [] []
[2022-11-12 10:14:10] merlin-logger.DEBUG: Post 215 was imported with author "vitech", but could not be found [] []
[2022-11-12 10:14:10] merlin-logger.DEBUG: Post 215 was marked for post-processing, but none was required. [] []
[2022-11-12 10:14:10] merlin-logger.DEBUG: Running post-processing for post 216 [] []
[2022-11-12 10:14:10] merlin-logger.WARNING: Could not find the author for "Page" (post #216) [] []
[2022-11-12 10:14:10] merlin-logger.DEBUG: Post 216 was imported with author "vitech", but could not be found [] []
[2022-11-12 10:14:10] merlin-logger.DEBUG: Post 216 was marked for post-processing, but none was required. [] []
[2022-11-12 10:14:10] merlin-logger.DEBUG: Running post-processing for post 217 [] []
[2022-11-12 10:14:10] merlin-logger.WARNING: Could not find the author for "Footer" (post #217) [] []
[2022-11-12 10:14:10] merlin-logger.DEBUG: Post 217 was imported with author "vitech", but could not be found [] []
[2022-11-12 10:14:10] merlin-logger.DEBUG: Post 217 was marked for post-processing, but none was required. [] []
[2022-11-12 10:14:10] merlin-logger.DEBUG: Running post-processing for post 218 [] []
[2022-11-12 10:14:10] merlin-logger.WARNING: Could not find the author for "Search" (post #218) [] []
[2022-11-12 10:14:10] merlin-logger.DEBUG: Post 218 was imported with author "vitech", but could not be found [] []
[2022-11-12 10:14:10] merlin-logger.DEBUG: Post 218 was marked for post-processing, but none was required. [] []
[2022-11-12 10:14:10] merlin-logger.INFO: Starting remapping of featured images [] []
[2022-11-12 10:15:42] merlin-logger.ERROR: The file was not able to save to disk, while trying to download it {"url":"https://raw.githubusercontent.com/olive-blocks/demo-content/main/themes/gokyo-fse/plugin-settings.json","filename":"gokyo-fse-plugin-settings.json"} []
[2022-11-12 10:15:42] merlin-logger.INFO: Đa phương tiện "logo" already exists. [] []
[2022-11-12 10:15:42] merlin-logger.INFO: Đa phương tiện "slider" already exists. [] []
[2022-11-12 10:15:42] merlin-logger.INFO: Đa phương tiện "icon-1" already exists. [] []
[2022-11-12 10:15:42] merlin-logger.INFO: Đa phương tiện "icon-dark-2" already exists. [] []
[2022-11-12 10:15:42] merlin-logger.INFO: Đa phương tiện "icon-3" already exists. [] []
[2022-11-12 10:15:42] merlin-logger.INFO: Đa phương tiện "hero-img" already exists. [] []
[2022-11-12 10:15:42] merlin-logger.INFO: Đa phương tiện "case-1" already exists. [] []
[2022-11-12 10:15:42] merlin-logger.INFO: Đa phương tiện "case-2" already exists. [] []
[2022-11-12 10:15:42] merlin-logger.INFO: Đa phương tiện "case-3" already exists. [] []
[2022-11-12 10:15:42] merlin-logger.INFO: Đa phương tiện "case-4" already exists. [] []
[2022-11-12 10:15:42] merlin-logger.INFO: Đa phương tiện "case-5" already exists. [] []
[2022-11-12 10:15:42] merlin-logger.INFO: Đa phương tiện "case-6" already exists. [] []
[2022-11-12 10:15:42] merlin-logger.INFO: Đa phương tiện "tab-img-1" already exists. [] []
[2022-11-12 10:15:42] merlin-logger.INFO: Đa phương tiện "team-1" already exists. [] []
[2022-11-12 10:15:42] merlin-logger.INFO: Đa phương tiện "team-2" already exists. [] []
[2022-11-12 10:15:42] merlin-logger.INFO: Đa phương tiện "team-3" already exists. [] []
[2022-11-12 10:15:42] merlin-logger.INFO: Đa phương tiện "team-3-1" already exists. [] []
[2022-11-12 10:15:42] merlin-logger.INFO: Đa phương tiện "homepage-dark" already exists. [] []
[2022-11-12 10:15:42] merlin-logger.INFO: Đa phương tiện "video-bg" already exists. [] []
[2022-11-12 10:15:42] merlin-logger.INFO: Đa phương tiện "video-icon" already exists. [] []
[2022-11-12 10:15:42] merlin-logger.INFO: Bài viết "Investment Planning and Strategy" already exists. [] []
[2022-11-12 10:15:42] merlin-logger.INFO: Style chung "Custom Styles" already exists. [] []
[2022-11-12 10:15:42] merlin-logger.INFO: Trang "Home" already exists. [] []
[2022-11-12 10:15:42] merlin-logger.INFO: Trang "About Us" already exists. [] []
[2022-11-12 10:15:42] merlin-logger.INFO: Trang "Contact Us" already exists. [] []
[2022-11-12 10:15:42] merlin-logger.INFO: Trang "Services" already exists. [] []
[2022-11-12 10:15:42] merlin-logger.INFO: Trang "Blog" already exists. [] []
[2022-11-12 10:15:42] merlin-logger.INFO: Menu "Header navigation" already exists. [] []
[2022-11-12 10:15:42] merlin-logger.INFO: Chỉ Mục Thực Đơn Điều Hướng "Home" already exists. [] []
[2022-11-12 10:15:42] merlin-logger.INFO: Chỉ Mục Thực Đơn Điều Hướng "" already exists. [] []
[2022-11-12 10:15:42] merlin-logger.INFO: Chỉ Mục Thực Đơn Điều Hướng "" already exists. [] []
[2022-11-12 10:15:42] merlin-logger.INFO: Chỉ Mục Thực Đơn Điều Hướng "" already exists. [] []
[2022-11-12 10:15:42] merlin-logger.INFO: Chỉ Mục Thực Đơn Điều Hướng "" already exists. [] []
[2022-11-12 10:15:42] merlin-logger.INFO: Bài viết "International Business Opportunities" already exists. [] []
[2022-11-12 10:15:42] merlin-logger.INFO: Bài viết "Strategic and Commercial Approach" already exists. [] []
[2022-11-12 10:15:42] merlin-logger.INFO: Đa phương tiện "cover-banner" already exists. [] []
[2022-11-12 10:15:42] merlin-logger.INFO: Style chung "Custom Styles" already exists. [] []
[2022-11-12 10:15:42] merlin-logger.INFO: Đa phương tiện "post-2 (1)" already exists. [] []
[2022-11-12 10:15:42] merlin-logger.INFO: Style chung "Custom Styles" already exists. [] []
[2022-11-12 10:15:42] merlin-logger.INFO: Đa phương tiện "iocn-4" already exists. [] []
[2022-11-12 10:15:42] merlin-logger.INFO: Menu "Primary Menu" already exists. [] []
[2022-11-12 10:15:42] merlin-logger.INFO: Template Part "Header" already exists. [] []
[2022-11-12 10:15:42] merlin-logger.INFO: Template Part "Header" already exists. [] []
[2022-11-12 10:15:42] merlin-logger.INFO: Menu "Primary Menu" already exists. [] []
[2022-11-12 10:15:42] merlin-logger.WARNING: Failed to import "Contact Form": Invalid post type wpcf7_contact_form [] []
[2022-11-12 10:15:42] merlin-logger.INFO: Menu "Primary Menu" already exists. [] []
[2022-11-12 10:15:42] merlin-logger.INFO: Menu "Header navigation 2" already exists. [] []
[2022-11-12 10:15:42] merlin-logger.INFO: Menu "Primary Menu" already exists. [] []
[2022-11-12 10:15:42] merlin-logger.INFO: Template Part "Header" already exists. [] []
[2022-11-12 10:15:42] merlin-logger.INFO: Template Part "Sidebar" already exists. [] []
[2022-11-12 10:15:42] merlin-logger.INFO: Template "Home" already exists. [] []
[2022-11-12 10:15:42] merlin-logger.INFO: Template "Archive" already exists. [] []
[2022-11-12 10:15:42] merlin-logger.INFO: Template "Single" already exists. [] []
[2022-11-12 10:15:42] merlin-logger.INFO: Template "404" already exists. [] []
[2022-11-12 10:15:42] merlin-logger.INFO: Template "Page (No Title / Feature Image)" already exists. [] []
[2022-11-12 10:15:42] merlin-logger.INFO: Template "Page" already exists. [] []
[2022-11-12 10:15:42] merlin-logger.INFO: Template Part "Footer" already exists. [] []
[2022-11-12 10:15:42] merlin-logger.INFO: Template "Search" already exists. [] []
